commit 5e19a041d0eea0ccda4b8614c7a34010687767b5
Merge: 1f24113 fe5ce86
Author: chance raine <chanceraine@gmail.com>
Date:   Thu Oct 22 20:11:25 2015 -0500

    Merge branch 'master' of https://github.com/SageMoore/cs373-idb

commit 1f241136759d0e8b76a88b3a4f030e601fc8a73a
Author: chance raine <chanceraine@gmail.com>
Date:   Thu Oct 22 19:57:19 2015 -0500

    about page is just about done

commit fe5ce8614a40d6b1c402ec0c52f8703bd2b77f3d
Author: dustinstone <stone.dustin94@gmail.com>
Date:   Thu Oct 22 19:41:48 2015 -0500

    Updated number of commits

commit da6d683a293d403fd4f80164f095037e97383f33
Author: dustinstone <stone.dustin94@gmail.com>
Date:   Thu Oct 22 19:37:34 2015 -0500

    Updated group information on About page and Splash page to close #13 and close #8

commit 35558fc0d6690dc549a8fb0140000cb02bd42cd7
Author: chance raine <chanceraine@gmail.com>
Date:   Thu Oct 22 19:17:56 2015 -0500

    added the twitter thing for mark

commit 1ab68b39e43077b97dba20e40a971005ee476e07
Author: chance raine <chanceraine@gmail.com>
Date:   Thu Oct 22 19:11:25 2015 -0500

    made html (fixes #5, fixes #3)

commit f350f3ba0e8fb581608a445b9cdbf278357fd726
Author: chance raine <chanceraine@gmail.com>
Date:   Thu Oct 22 17:56:39 2015 -0500

    made everything sortable by sacrificing beauty (fixes #10)

commit 71b08e3754dc6fb91f8a853a0cb8f54b3fea7c63
Author: chance raine <chanceraine@gmail.com>
Date:   Thu Oct 22 17:00:05 2015 -0500

    cleaned up and added multimedia (fixes #11)

commit 6cdc8544bc0f3296d0b44e95b2e4151ccafd708f
Author: Chance Raine <chanceraine@gmail.com>
Date:   Thu Oct 22 15:22:26 2015 -0500

    Transferring blueprint from apiary.io

commit 342e788b0f85f61c04dcfc44c95ba6594b21a510
Author: Chance Raine <chanceraine@gmail.com>
Date:   Thu Oct 22 15:22:00 2015 -0500

    Transferring blueprint from apiary.io

commit 9a32eb72da7b7ca978df6ebb5b21923d88c96232
Author: chance raine <chanceraine@gmail.com>
Date:   Thu Oct 22 14:31:19 2015 -0500

    accidentally changed port

commit 341794dd2c0dc4da99fe2da933a14a57ba437177
Author: chance raine <chanceraine@gmail.com>
Date:   Thu Oct 22 14:29:29 2015 -0500

    updated some more stuff

commit 3fd2353ab5b67f4c9510fc8d87d4ca2189bf4f44
Merge: e14ddc4 80e70e8
Author: chance raine <chanceraine@gmail.com>
Date:   Thu Oct 22 13:15:28 2015 -0500

    Merge branch 'master' of https://github.com/SageMoore/cs373-idb

commit e14ddc4720e1c0899cf8f0b27b948cbc2b2019fa
Author: chance raine <chanceraine@gmail.com>
Date:   Thu Oct 22 13:15:23 2015 -0500

    made most of the things sortable

commit 80e70e8cd57c151f458ee02fafa0efd382e190fe
Merge: f8c5cb0 d07743e
Author: SageMoore <sagemoore@utexas.edu>
Date:   Thu Oct 22 10:53:01 2015 -0700

    Merge branch 'master' of github.com:SageMoore/cs373-idb

commit f8c5cb06898ea955fcacd1d32d9ca25e82237b0f
Author: SageMoore <sagemoore@utexas.edu>
Date:   Thu Oct 22 10:52:51 2015 -0700

    updated database.py to match the uml diagram

commit d07743e3d26bb33e4130574c030d8cda179d3457
Author: chance raine <chanceraine@gmail.com>
Date:   Thu Oct 22 12:43:03 2015 -0500

    updated about page

commit 8e1743dbee46e68c413f186918a8926cf110138a
Author: chance raine <chanceraine@gmail.com>
Date:   Thu Oct 22 12:26:35 2015 -0500

    added sorting for crimetypes, more to come

commit 2975a5d9287d4fd2313a361d359898dd373af58e
Merge: a69e57f 0df3c4e
Author: chance raine <chanceraine@gmail.com>
Date:   Thu Oct 22 00:55:25 2015 -0500

    Merge branch 'master' of https://github.com/SageMoore/cs373-idb

commit a69e57f0568e94c53a91390391c47e8e8dcbf339
Author: chance raine <chanceraine@gmail.com>
Date:   Thu Oct 22 00:55:22 2015 -0500

    added census scraper and updated crimetypes

commit 0df3c4e6c62956a1c9a4a5044d054326e0b45b0f
Merge: 6d3a937 8ad4680
Author: SageMoore <sagemoore@utexas.edu>
Date:   Wed Oct 21 23:25:54 2015 -0500

    Merge branch 'master' of github.com:SageMoore/cs373-idb

commit 6d3a9378ea21a06b8712703c0a122cf2fb4de51d
Author: SageMoore <sagemoore@utexas.edu>
Date:   Wed Oct 21 23:25:49 2015 -0500

    adding sql alchemy stuff

commit 8ad46800657088553dccdf388b13a566855b53ac
Merge: 23b77f1 22982e1
Author: thengo <jasonngo3333@yahoo.com>
Date:   Wed Oct 21 22:44:14 2015 -0500

    Merge branch 'master' of https://github.com/SageMoore/cs373-idb

commit 23b77f192fb1881636b4ba30a773eefc00444c59
Author: thengo <jasonngo3333@yahoo.com>
Date:   Wed Oct 21 22:44:10 2015 -0500

    adding UML diagram

commit 22982e111e2924a732057fdc54a6e57cc1bd80bd
Author: Mark Daniel <mark.r.daniel@gmail.com>
Date:   Wed Oct 21 20:02:09 2015 -0500

    adding extraction of crime data

commit 90318bf7563c07df179eb5ea5d93d1deeb4b68fd
Author: thengo <jasonngo3333@yahoo.com>
Date:   Wed Oct 21 19:58:19 2015 -0500

    flask uses domain port

commit d49b55ed0f3ed66d006d5e4dd53136228538428a
Author: dustinstone <stone.dustin94@gmail.com>
Date:   Wed Oct 21 19:23:22 2015 -0500

    Adding unit tests and makefile

commit 0819c2d1ec60e72ef4b68b25d21b1dee3f6a64b2
Author: Mark Daniel <mark.r.daniel@gmail.com>
Date:   Wed Oct 21 16:26:41 2015 -0500

    improved responsiveness of crime pages

commit 59ab6f69f9a3b971ba82db2fa445dff9de74073a
Author: Mark Daniel <mark.r.daniel@gmail.com>
Date:   Wed Oct 21 15:20:30 2015 -0500

    improving formatting of maps and cleaning stuff up

commit 8ae8b8b8a61365897f03b242cbb348857d96f31a
Author: Mark Daniel <mark.r.daniel@gmail.com>
Date:   Wed Oct 21 14:32:46 2015 -0500

    adding gmaps and map of austin using npm

commit 2a7a0b038a992e9c90a39f64499ef3a10c77668f
Author: dustinstone <stone.dustin94@gmail.com>
Date:   Wed Oct 21 00:26:07 2015 -0500

    Adding data sources to about page

commit 78a91925609bd432a3fd111f10b3371702e5f7fd
Author: dustinstone <stone.dustin94@gmail.com>
Date:   Tue Oct 20 23:41:35 2015 -0500

    Making small changes to about page

commit 0aa0a099f0d7bc1742aa11199a5019c397f9a43c
Author: dustinstone <stone.dustin94@gmail.com>
Date:   Tue Oct 20 23:27:39 2015 -0500

    Updating about page

commit 186c2dbcfb611c736e6fcda7b2f55ed9f70f3072
Author: dustinstone <stone.dustin94@gmail.com>
Date:   Mon Oct 19 19:42:41 2015 -0500

    Removed footer

commit 214665ce2a005492e27e97ca36cad63477d2a8bc
Author: dustinstone <stone.dustin94@gmail.com>
Date:   Mon Oct 19 19:35:58 2015 -0500

    Added footer

commit 3f31531a9999f6502a67c6fe9087ee2b4a32cb4a
Author: Jason Ngo <jasonngo@cs.utexas.edu>
Date:   Mon Oct 19 19:31:51 2015 -0500

    zip links to all data

commit 04d9acf3a793273c40dd1f320700037275f7ef6a
Author: Jason Ngo <jasonngo@cs.utexas.edu>
Date:   Mon Oct 19 19:24:52 2015 -0500

    links to crimes for zip

commit 2bde5c371b0c09db7de02cd2e4e7cc7c6c0bcb4b
Merge: 77bd807 f632ddf
Author: Jason Ngo <jasonngo@cs.utexas.edu>
Date:   Mon Oct 19 19:20:08 2015 -0500

    Merge branch 'master' of https://github.com/SageMoore/cs373-idb

commit 77bd8077fa3a2d86b1bed5c36ce24aae7697e010
Author: Jason Ngo <jasonngo@cs.utexas.edu>
Date:   Mon Oct 19 19:19:58 2015 -0500

    rest of zip htmls

commit f632ddfd647925acdc0a184183ac2a1dc7ae61f3
Author: dustinstone <stone.dustin94@gmail.com>
Date:   Mon Oct 19 19:01:00 2015 -0500

    Changed splash icons and made them linkable

commit 26c58d806c46bd8c14b21dcdc48f8b59a65d6b56
Merge: cdf9e5d b2875b0
Author: Jason Ngo <jasonngo@cs.utexas.edu>
Date:   Mon Oct 19 18:55:23 2015 -0500

    Merge branch 'master' of https://github.com/SageMoore/cs373-idb

commit cdf9e5d5d4ab2d3ed7689281413cae4d674e7974
Author: Jason Ngo <jasonngo@cs.utexas.edu>
Date:   Mon Oct 19 18:55:10 2015 -0500

    checkingangular zip

commit b2875b01903325f5470a2f9f4bb3910624078723
Merge: 5ddaa30 72c71ed
Author: chance raine <chanceraine@gmail.com>
Date:   Mon Oct 19 18:53:13 2015 -0500

    Merge branch 'master' of https://github.com/SageMoore/cs373-idb

commit 5ddaa30a6b672ed6ab85730f5931019e9551c220
Author: chance raine <chanceraine@gmail.com>
Date:   Mon Oct 19 18:53:09 2015 -0500

    fixed typo

commit 72c71ed497148210c9209aa46e9675702bacf773
Merge: f3aab57 c2f5b04
Author: Mark Daniel <mark.r.daniel@gmail.com>
Date:   Mon Oct 19 18:49:48 2015 -0500

    Merge branch 'master' of https://github.com/SageMoore/cs373-idb

commit f3aab57bc101eca0bec0a4e21358d407725074b9
Author: Mark Daniel <mark.r.daniel@gmail.com>
Date:   Mon Oct 19 18:49:39 2015 -0500

    moved style to crime2, etc.

commit 684d767cc27dc635d14c95eaac4e2d794e70def6
Author: chance raine <chanceraine@gmail.com>
Date:   Mon Oct 19 18:49:38 2015 -0500

    added crimetypes

commit c2f5b0478e81be81c32b0e97a0297892b7f4e9a2
Author: Jason Ngo <jasonngo@cs.utexas.edu>
Date:   Mon Oct 19 18:49:26 2015 -0500

    angular stuff for zip

commit 3e729bdc2f5dd14e70c60fd6bc5d358e1b2f5926
Merge: da2d552 05823e6
Author: Mark Daniel <mark.r.daniel@gmail.com>
Date:   Mon Oct 19 18:49:18 2015 -0500

    Merge branch 'master' of https://github.com/SageMoore/cs373-idb

commit 05823e6770d450ba3b84b83c7b72b95c424d5e22
Author: Jason Ngo <jasonngo@cs.utexas.edu>
Date:   Mon Oct 19 18:42:30 2015 -0500

    angular for zip

commit a77514b009f19bdfa82ea7973e3c1038208f7cd9
Merge: b7f6b1b 0b86708
Author: Jason Ngo <jasonngo@cs.utexas.edu>
Date:   Mon Oct 19 18:37:16 2015 -0500

    Merge branch 'master' of https://github.com/SageMoore/cs373-idb

commit b7f6b1b69ff069f59309ab07d69b837b3e3a41f4
Author: Jason Ngo <jasonngo@cs.utexas.edu>
Date:   Mon Oct 19 18:37:12 2015 -0500

    zip pages

commit 0b86708255fb37a5ca4a450b0480c6d6af411ec8
Merge: 9b82aa6 e4de980
Author: SageMoore <sagemoore@utexas.edu>
Date:   Mon Oct 19 18:27:30 2015 -0500

    Merge branch 'master' of github.com:SageMoore/cs373-idb

commit 9b82aa6e29d556e05fbc5c066f21a6cfb4606eaf
Author: SageMoore <sagemoore@utexas.edu>
Date:   Mon Oct 19 18:27:24 2015 -0500

    updated stuff

commit da2d552542e1090ae8a5a8a2d21ac7fedcac7af7
Merge: bc48dc4 e4de980
Author: Mark Daniel <mark.r.daniel@gmail.com>
Date:   Mon Oct 19 18:23:26 2015 -0500

    Merge branch 'master' of https://github.com/SageMoore/cs373-idb

commit bc48dc41943e729f7f173af760d86f5a6ba65907
Author: Mark Daniel <mark.r.daniel@gmail.com>
Date:   Mon Oct 19 18:23:14 2015 -0500

    stylistic stuff

commit e4de980e29a75f959b5e39b5233c8b5a0ce501ad
Merge: 80b2f44 4896766
Author: chance raine <chanceraine@gmail.com>
Date:   Mon Oct 19 18:18:07 2015 -0500

    Merge branch 'master' of https://github.com/SageMoore/cs373-idb

commit 80b2f44fcc64c2e18fd795c12a74eb4d925f16cd
Author: chance raine <chanceraine@gmail.com>
Date:   Mon Oct 19 18:18:04 2015 -0500

    updated crimetypes

commit 4896766c4510e0a9976b4395e041c44222f99adf
Merge: dec80f1 f50b15c
Author: dustinstone <stone.dustin94@gmail.com>
Date:   Mon Oct 19 18:12:22 2015 -0500

    Updating splash page

commit dec80f1d3b8b44b48d4a18cd428eaa8a695730bf
Author: dustinstone <stone.dustin94@gmail.com>
Date:   Mon Oct 19 18:11:12 2015 -0500

    Updating splash page

commit f50b15cf93e314bb3831e82ab449d3c0be1d87e1
Author: SageMoore <sagemoore@utexas.edu>
Date:   Mon Oct 19 18:05:33 2015 -0500

    stuff

commit b822e7310c7e1baadaf42c53fb6a0d2ed3736f87
Author: Mark Daniel <mark.r.daniel@gmail.com>
Date:   Mon Oct 19 18:04:55 2015 -0500

    adding full list

commit 5d13189a839eb98fcae1cce2e8a484dfb8312b55
Merge: 15fb14b e88eceb
Author: SageMoore <sagemoore@utexas.edu>
Date:   Mon Oct 19 17:52:51 2015 -0500

    fixed confilcts

commit 15fb14b9b469d9656ea923f29db07a9288a62bab
Author: SageMoore <sagemoore@utexas.edu>
Date:   Mon Oct 19 17:51:26 2015 -0500

    added week files

commit e88ecebf0174badb8465e6e65dd244bd3a41ab39
Merge: 57b396a 1c302d4
Author: Mark Daniel <mark.r.daniel@gmail.com>
Date:   Mon Oct 19 17:23:10 2015 -0500

    added list of crimes

commit 57b396a9d299181562f213961d1d0447259f3d28
Author: Mark Daniel <mark.r.daniel@gmail.com>
Date:   Mon Oct 19 17:22:03 2015 -0500

    added list of crimes

commit 1c302d48e69ecd1af9810c0de4de3bc1bed0b35c
Merge: 1fafaf8 86cc0d0
Author: chance raine <chanceraine@gmail.com>
Date:   Mon Oct 19 17:15:37 2015 -0500

    Merge branch 'master' of https://github.com/SageMoore/cs373-idb

commit 1fafaf85fa93f48bbb1bd8789a3534d5239993b6
Author: chance raine <chanceraine@gmail.com>
Date:   Mon Oct 19 17:15:34 2015 -0500

    added some crimetype stuff

commit 86cc0d0c9ffd9e530847c0d1481f201598c86104
Author: SageMoore <sagemoore@utexas.edu>
Date:   Mon Oct 19 17:04:25 2015 -0500

    tables should actually work now

commit fb272df0c4c8e2656a3378df171e24ef0373e024
Author: SageMoore <sagemoore@utexas.edu>
Date:   Mon Oct 19 16:45:21 2015 -0500

    added tables to weeks.html

commit 766dc7b10856fc394f98c3dd8453bba5222dab13
Author: Mark Daniel <mark.r.daniel@gmail.com>
Date:   Mon Oct 19 16:19:11 2015 -0500

    got routing working from flask

commit 6d4646335211d35a34e0aef85f7855f0260d37f8
Author: Mark Daniel <mark.r.daniel@gmail.com>
Date:   Mon Oct 19 15:50:35 2015 -0500

    moving everything to static & adding more css

commit 590d886cd0b51def23f3c3dd55bcd602cf32da6f
Author: SageMoore <sagemoore@utexas.edu>
Date:   Mon Oct 19 15:44:06 2015 -0500

    modified weeks.html

commit 316fe803d5dbaeb1abe6adb15224bacd53c26bad
Author: SageMoore <sagemoore@utexas.edu>
Date:   Mon Oct 19 14:31:24 2015 -0500

    removed crimecast.py~

commit fad77fb10ee315c6ef104d4f9acebdc7a6b1f1c5
Author: Jason Ngo <jasonngo@cs.utexas.edu>
Date:   Mon Oct 19 13:49:32 2015 -0500

    abritrary zip

commit 8d13be09ce86a189ea9a8fa20f278abee5285396
Author: Jason Ngo <jasonngo@cs.utexas.edu>
Date:   Mon Oct 19 13:28:12 2015 -0500

    fixed zip function

commit daa792aa05f3c4a5cc8aed7c1997be8b6ae9af04
Author: Jason Ngo <jasonngo@cs.utexas.edu>
Date:   Mon Oct 19 13:26:35 2015 -0500

    testing zip_id on rackspace

commit ce7a570286f012e0d1982a09096e54794d24a7cc
Merge: 711da9d a412f8c
Author: Jason Ngo <jasonngo@cs.utexas.edu>
Date:   Mon Oct 19 12:47:01 2015 -0500

    Merge branch 'master' of https://github.com/SageMoore/cs373-idb

commit 711da9d1389cc3e7b5482032c554e0fba075f9bd
Author: Jason Ngo <jasonngo@cs.utexas.edu>
Date:   Mon Oct 19 12:45:53 2015 -0500

    added zip to crimecast.py

commit a412f8c5eafdb703dbd9afd18258752cba8995b9
Author: Mark Daniel <mark.r.daniel@gmail.com>
Date:   Sat Oct 17 18:39:22 2015 -0500

    moved navbar from splash to index.html. wrote paths in app.js

commit 60274b7d1173629377b17fce60270cab950c0515
Author: Mark Daniel <mark.r.daniel@gmail.com>
Date:   Sat Oct 17 18:23:22 2015 -0500

    got angular single page config working

commit c64a2f130579ac15d3608b0a7f06f21e2827a891
Author: Jason Ngo <jasonngo@cs.utexas.edu>
Date:   Sat Oct 17 16:56:03 2015 -0500

    updated python file to include zip

commit ba000e5b42701a5468701b33633d95c42df482b6
Author: Jason Ngo <jasonngo@cs.utexas.edu>
Date:   Sat Oct 17 16:49:09 2015 -0500

    added zip html

commit e7d95d8b04d61bfda6d49b1a5f5b1ea1dc2b66c2
Author: Dustin Stone <dstone94@cs.utexas.edu>
Date:   Sat Oct 17 16:47:35 2015 -0500

    Added navbar to splash

commit cdedc4aad5630bf97221125d7dd53f3326b53afd
Merge: ec1a080 ac4faf8
Author: chance raine <chanceraine@gmail.com>
Date:   Sat Oct 17 16:40:20 2015 -0500

    Merge branch 'master' of https://github.com/SageMoore/cs373-idb

commit ec1a08035e969a0822e4ab29b6bb8334a2b542fb
Author: chance raine <chanceraine@gmail.com>
Date:   Sat Oct 17 16:40:17 2015 -0500

    crimecast updated

commit ac4faf83efa04505925a49ef3c5b783209ae3f35
Author: Mark Daniel <mark.r.daniel@gmail.com>
Date:   Sat Oct 17 16:34:53 2015 -0500

    removing crimes from static

commit 26b686605a1662706e1d25a6ab56bc2dbd18e979
Author: Mark Daniel <mark.r.daniel@gmail.com>
Date:   Sat Oct 17 16:32:42 2015 -0500

    fixing unresolved merge

commit 63b2454e432c7005300c1510841d6e4cab063604
Merge: 81afc5a 3141fcc
Author: Mark Daniel <mark.r.daniel@gmail.com>
Date:   Sat Oct 17 16:31:38 2015 -0500

    Merge branch 'master' of https://github.com/SageMoore/cs373-idb

commit 81afc5a4e722187a5e41b2fdede7d7798f891cfd
Author: Mark Daniel <mark.r.daniel@gmail.com>
Date:   Sat Oct 17 16:31:30 2015 -0500

    pushing broken code

commit 3141fcc5db67ce9ebcb47ebf645ef2c6679d1e8a
Author: Dustin Stone <dstone94@cs.utexas.edu>
Date:   Sat Oct 17 16:22:56 2015 -0500

    Add call to splash page

commit 4832a8be404a26b912f003f8257d6314a61efa3e
Author: SageMoore <sagemoore@utexas.edu>
Date:   Sat Oct 17 16:13:06 2015 -0500

    fixed route spelling in crimecast.py

commit 049db7b4464271cb8b8817aa030caaa4490bb9c1
Author: SageMoore <sagemoore@utexas.edu>
Date:   Sat Oct 17 16:12:21 2015 -0500

    added weeks.html to crimcast.py

commit 316ce473c08b5224f131cb057ac1c2df06b5f269
Merge: 1ce2142 a974905
Author: SageMoore <sagemoore@utexas.edu>
Date:   Sat Oct 17 16:10:27 2015 -0500

    Merge branch 'master' of github.com:SageMoore/cs373-idb

commit 1ce214269a14534e55edfbca791fa4e1d466aa5e
Author: SageMoore <sagemoore@utexas.edu>
Date:   Sat Oct 17 16:10:19 2015 -0500

    added barebones week data to week.html

commit a974905ec6916571747d414b327a3b7240b1d916
Author: Jason Ngo <jasonngo@cs.utexas.edu>
Date:   Sat Oct 17 16:08:02 2015 -0500

    using crimes.html as splash for bootstrap

commit c856bf6f953ddbc92dbafba0c518149cc93b69a8
Merge: a5bcc95 42e832c
Author: Jason Ngo <jasonngo@cs.utexas.edu>
Date:   Sat Oct 17 16:07:04 2015 -0500

    default

commit a5bcc95e850e31476a20188d71909bf4ac6841cf
Author: Jason Ngo <jasonngo@cs.utexas.edu>
Date:   Sat Oct 17 16:04:36 2015 -0500

    fixed  bootstrap for crimes to use as splash

commit 42e832ccdcf2d53b68e3090024dee25b760af007
Merge: 21bf98a bcd03d7
Author: Mark Daniel <mark.r.daniel@gmail.com>
Date:   Sat Oct 17 16:03:31 2015 -0500

    Merge branch 'master' of https://github.com/SageMoore/cs373-idb

commit 21bf98a5e9196a1f6fa4202d28f91641f3c96b4d
Author: Mark Daniel <mark.r.daniel@gmail.com>
Date:   Sat Oct 17 16:03:21 2015 -0500

    setting up angular

commit bcd03d720d52182f53f4e9b0a00ae7018dd70e93
Author: SageMoore <sagemoore@utexas.edu>
Date:   Sat Oct 17 16:01:17 2015 -0500

    added weeks.html

commit ef54e26b716d1768dc98d09e83dcfcb186dab9a6
Author: Jason Ngo <jasonngo@cs.utexas.edu>
Date:   Sat Oct 17 15:53:36 2015 -0500

    run on all machines

commit f26de819a3da36d1a87632463ad475b39bcb1182
Merge: 4f27339 ba3167d
Author: Mark Daniel <mark.r.daniel@gmail.com>
Date:   Sat Oct 17 15:42:52 2015 -0500

    Merge branch 'master' of https://github.com/SageMoore/cs373-idb1

commit 4f27339f05c1b961e6b280721a6ce1b260a0c3ad
Author: Mark Daniel <mark.r.daniel@gmail.com>
Date:   Sat Oct 17 15:42:39 2015 -0500

    adding changes and setting up angular

commit c36f1e9d2915ce01d58afed1864870c6a353be79
Author: Mark Daniel <mark.r.daniel@gmail.com>
Date:   Sat Oct 17 15:41:06 2015 -0500

    adding changes and setting up angular

commit ba3167db4241956532d66293d29dc559624e1069
Author: SageMoore <sagemoore@utexas.edu>
Date:   Sat Oct 17 15:39:20 2015 -0500

    removed .idea

commit d8c161d4732b03075b48281d61bf312a915948da
Author: Jason Ngo <jasonngo@cs.utexas.edu>
Date:   Sat Oct 17 15:34:14 2015 -0500

    goes to static folder

commit 6246fbe17f2565690da3f00907d31d19725364fa
Author: Jason Ngo <jasonngo@cs.utexas.edu>
Date:   Sat Oct 17 15:29:55 2015 -0500

    moved crimes to static for test

commit 6324c176d5d195241bcad280ff659c7eda4afa94
Author: Jason Ngo <jasonngo@cs.utexas.edu>
Date:   Sat Oct 17 15:24:43 2015 -0500

    flask directories

commit 93cf133e9420ca721cd78409610b7d8eea66f5fd
Author: Mark Daniel <mark.r.daniel@gmail.com>
Date:   Sat Oct 17 15:18:13 2015 -0500

    changed file structure

commit 9717bb7b9d1e6c2faf1c9cec6b8815fa96b88583
Merge: fcdd800 bc5a67f
Author: Jason Ngo <jasonngo@cs.utexas.edu>
Date:   Sat Oct 17 15:16:48 2015 -0500

    Merge branch 'master' of https://github.com/SageMoore/cs373-idb1

commit fcdd800162c24363f5a0bcb9f00b69c8e3fa47da
Author: Jason Ngo <jasonngo@cs.utexas.edu>
Date:   Sat Oct 17 15:16:32 2015 -0500

    flask python

commit bc5a67f6e4e268c9ea5c9c0a0ed68a7f0e420008
Merge: 6c538b0 247321e
Author: Mark Daniel <mark.r.daniel@gmail.com>
Date:   Sat Oct 17 15:01:33 2015 -0500

    adding crimes.html

commit 6c538b016816a4703063c75d1b0ef0502762e0e4
Author: Mark Daniel <mark.r.daniel@gmail.com>
Date:   Sat Oct 17 14:59:46 2015 -0500

    adding crimes.html

commit cd2f8fd3b33b711872d4f2cc5320de878a4e5106
Author: Mark Daniel <mark.r.daniel@gmail.com>
Date:   Sat Oct 17 14:58:56 2015 -0500

    adding crimes.html

commit 247321e91ce05c5c70fc4e94e0f84312a38e7ca9
Author: SageMoore <sagemoore@utexas.edu>
Date:   Sat Oct 17 14:53:34 2015 -0500

    updated .gitignore

commit 389422060725e50ee3cccac898e30b1a50a6d23c
Author: SageMoore <sagemoore@utexas.edu>
Date:   Sat Oct 17 14:51:55 2015 -0500

    removed .idea

commit bb58204465999cc9c3dd657e8f6d80d12f284e77
Author: SageMoore <sagemoore@utexas.edu>
Date:   Sat Oct 17 14:51:03 2015 -0500

    removed .idea

commit c62d835ba1373eaeb531ea730b5804a8cb3f7d6e
Author: Mark Daniel <mark.r.daniel@gmail.com>
Date:   Sat Oct 17 14:23:14 2015 -0500

    adding bootstrap stuff
